2025-03-04 00:54:25 [main] INFO  br.com.ifba.Prg03sgsApplication - Starting Prg03sgsApplication using Java 21.0.5 with PID 2288 (C:\Users\Erio\Desktop\prg03-sgs\prg03sgs\target\classes started by Erio in C:\Users\Erio\Desktop\prg03-sgs\prg03sgs)
2025-03-04 00:54:25 [main] INFO  br.com.ifba.Prg03sgsApplication - No active profile set, falling back to 1 default profile: "default"
2025-03-04 00:54:29 [main] INFO  o.s.d.r.c.RepositoryConfigurationDelegate - Bootstrapping Spring Data JPA repositories in DEFAULT mode.
2025-03-04 00:54:31 [main] INFO  o.s.d.r.c.RepositoryConfigurationDelegate - Finished Spring Data repository scanning in 1261 ms. Found 17 JPA repository interfaces.
2025-03-04 00:54:33 [main] INFO  o.h.jpa.internal.util.LogHelper - HHH000204: Processing PersistenceUnitInfo [name: default]
2025-03-04 00:54:34 [main] INFO  org.hibernate.Version - HHH000412: Hibernate ORM core version 6.5.0.Final
2025-03-04 00:54:34 [main] INFO  o.h.c.i.RegionFactoryInitiator - HHH000026: Second-level cache disabled
2025-03-04 00:54:35 [main] INFO  o.s.o.j.p.SpringPersistenceUnitInfo - No LoadTimeWeaver setup: ignoring JPA class transformer
2025-03-04 00:54:35 [main] INFO  com.zaxxer.hikari.HikariDataSource - HikariPool-1 - Starting...
2025-03-04 00:54:35 [main] INFO  com.zaxxer.hikari.pool.HikariPool - HikariPool-1 - Added connection com.mysql.cj.jdbc.ConnectionImpl@31e739bf
2025-03-04 00:54:35 [main] INFO  com.zaxxer.hikari.HikariDataSource - HikariPool-1 - Start completed.
2025-03-04 00:54:35 [main] WARN  org.hibernate.orm.deprecation - HHH90000025: MySQL8Dialect does not need to be specified explicitly using 'hibernate.dialect' (remove the property setting and it will be selected by default)
2025-03-04 00:54:35 [main] WARN  org.hibernate.orm.deprecation - HHH90000026: MySQL8Dialect has been deprecated; use org.hibernate.dialect.MySQLDialect instead
2025-03-04 00:54:39 [main] INFO  o.h.e.t.j.p.i.JtaPlatformInitiator - HHH000489: No JTA platform available (set 'hibernate.transaction.jta.platform' to enable JTA platform integration)
2025-03-04 00:54:39 [main] DEBUG org.hibernate.SQL - alter table atendimentos add column prontuario_id bigint
2025-03-04 00:54:40 [main] DEBUG org.hibernate.SQL - create table perfis_usuario (id bigint not null, descricao varchar(255) not null, nome varchar(255) not null, usuario_id bigint not null, primary key (id)) engine=InnoDB
2025-03-04 00:54:40 [main] DEBUG org.hibernate.SQL - create table perfis_usuario_seq (next_val bigint) engine=InnoDB
2025-03-04 00:54:40 [main] DEBUG org.hibernate.SQL - insert into perfis_usuario_seq values ( 1 )
2025-03-04 00:54:40 [main] DEBUG org.hibernate.SQL - alter table prontuario modify column data_criacao datetime(6)
2025-03-04 00:54:40 [main] DEBUG org.hibernate.SQL - alter table prontuario add column id_anamnese bigint
2025-03-04 00:54:40 [main] DEBUG org.hibernate.SQL - alter table usuarios add column perfil_usuario varbinary(255) not null
2025-03-04 00:54:40 [main] DEBUG org.hibernate.SQL - alter table prontuario drop index UKg32myve6gx9j67u0kh8v7g7ah
2025-03-04 00:54:41 [main] DEBUG org.hibernate.SQL - alter table prontuario add constraint UKg32myve6gx9j67u0kh8v7g7ah unique (id_anamnese)
2025-03-04 00:54:41 [main] DEBUG org.hibernate.SQL - alter table atendimentos add constraint FKlvg3gki4nrahs1whaowr2vn2v foreign key (prontuario_id) references prontuario (id)
2025-03-04 00:54:41 [main] DEBUG org.hibernate.SQL - alter table perfis_usuario add constraint FKfuj4r9xgyb2wytv3tr86byqos foreign key (usuario_id) references usuarios (id)
2025-03-04 00:54:42 [main] DEBUG org.hibernate.SQL - alter table prontuario add constraint FK6uj05kt41d7mjp5bni7wu3le5 foreign key (id_anamnese) references anamnese (id)
2025-03-04 00:54:42 [main] INFO  o.s.o.j.LocalContainerEntityManagerFactoryBean - Initialized JPA EntityManagerFactory for persistence unit 'default'
2025-03-04 00:54:44 [main] DEBUG org.hibernate.SQL - select a1_0.id,a1_0.id_anamnese,a1_0.data_hora_fim,a1_0.data_hora_inicio,a1_0.id_funcionario,a1_0.id_paciente,a1_0.prontuario_id,a1_0.tipo_atendimento from atendimentos a1_0
2025-03-04 00:54:45 [AWT-EventQueue-0] INFO  b.c.i.c.view.GestaoCampanhaVacina - 🔄 Atualizando a tabela...
2025-03-04 00:54:45 [AWT-EventQueue-0] INFO  b.c.i.c.s.CampanhaVacinaService - Procurando Todas as Campanhas no Banco!
2025-03-04 00:54:45 [AWT-EventQueue-0] DEBUG org.hibernate.SQL - select cve1_0.id,cve1_0.disponibilidade,cve1_0.data_campaha_final,cve1_0.data_campaha_inicio,cve1_0.local_vacina,cve1_0.nome_campanha,cve1_0.publico_alvo from campanha_vacina cve1_0
2025-03-04 00:54:45 [AWT-EventQueue-0] WARN  b.c.i.c.view.GestaoCampanhaVacina - ⚠ Nenhum curso encontrado.
2025-03-04 00:54:46 [main] DEBUG org.hibernate.SQL - select f1_0.id,f1_0.administrativo_id,f1_0.campanha_de_vacina_id,f1_0.cargo,f1_0.cpf,f1_0.data_nascimento,f1_0.email,f1_0.endereço,f1_0.enfermeiro_id,f1_0.medico_id,f1_0.nome,f1_0.salario,f1_0.telefone from funcionarios f1_0
2025-03-04 00:54:47 [main] DEBUG org.hibernate.SQL - select f1_0.id,f1_0.administrativo_id,f1_0.campanha_de_vacina_id,f1_0.cargo,f1_0.cpf,f1_0.data_nascimento,f1_0.email,f1_0.endereço,f1_0.enfermeiro_id,f1_0.medico_id,f1_0.nome,f1_0.salario,f1_0.telefone from funcionarios f1_0
2025-03-04 00:54:47 [main] DEBUG org.hibernate.SQL - select u1_0.id,u1_0.email,u1_0.nome,u1_0.perfil_usuario,u1_0.senha from usuarios u1_0
2025-03-04 00:54:47 [main] DEBUG org.hibernate.SQL - select v1_0.id,v1_0.agentes_de_visita_id,v1_0.responsaveis_conferir,v1_0.data_visita,v1_0.descricao,v1_0.responsaveis_digitacao,v1_0.fichas_visita_id,v1_0.motivo_visita,v1_0.numero_ficha,v1_0.responsavel_registro from visitas v1_0
2025-03-04 00:54:48 [main] INFO  br.com.ifba.Prg03sgsApplication - Started Prg03sgsApplication in 25.214 seconds (process running for 26.515)
2025-03-04 00:55:05 [SpringApplicationShutdownHook] INFO  o.s.o.j.LocalContainerEntityManagerFactoryBean - Closing JPA EntityManagerFactory for persistence unit 'default'
2025-03-04 00:55:05 [SpringApplicationShutdownHook] INFO  com.zaxxer.hikari.HikariDataSource - HikariPool-1 - Shutdown initiated...
2025-03-04 00:55:05 [SpringApplicationShutdownHook] INFO  com.zaxxer.hikari.HikariDataSource - HikariPool-1 - Shutdown completed.
2025-03-04 01:10:25 [main] INFO  br.com.ifba.Prg03sgsApplication - Starting Prg03sgsApplication using Java 21.0.5 with PID 472 (C:\Users\Erio\Desktop\prg03-sgs\prg03sgs\target\classes started by Erio in C:\Users\Erio\Desktop\prg03-sgs\prg03sgs)
2025-03-04 01:10:25 [main] INFO  br.com.ifba.Prg03sgsApplication - No active profile set, falling back to 1 default profile: "default"
2025-03-04 01:10:27 [main] INFO  o.s.d.r.c.RepositoryConfigurationDelegate - Bootstrapping Spring Data JPA repositories in DEFAULT mode.
2025-03-04 01:10:27 [main] INFO  o.s.d.r.c.RepositoryConfigurationDelegate - Finished Spring Data repository scanning in 498 ms. Found 17 JPA repository interfaces.
2025-03-04 01:10:29 [main] INFO  o.h.jpa.internal.util.LogHelper - HHH000204: Processing PersistenceUnitInfo [name: default]
2025-03-04 01:10:29 [main] INFO  org.hibernate.Version - HHH000412: Hibernate ORM core version 6.5.0.Final
2025-03-04 01:10:29 [main] INFO  o.h.c.i.RegionFactoryInitiator - HHH000026: Second-level cache disabled
2025-03-04 01:10:30 [main] INFO  o.s.o.j.p.SpringPersistenceUnitInfo - No LoadTimeWeaver setup: ignoring JPA class transformer
2025-03-04 01:10:30 [main] INFO  com.zaxxer.hikari.HikariDataSource - HikariPool-1 - Starting...
2025-03-04 01:10:30 [main] INFO  com.zaxxer.hikari.pool.HikariPool - HikariPool-1 - Added connection com.mysql.cj.jdbc.ConnectionImpl@7b5cc918
2025-03-04 01:10:30 [main] INFO  com.zaxxer.hikari.HikariDataSource - HikariPool-1 - Start completed.
2025-03-04 01:10:30 [main] WARN  org.hibernate.orm.deprecation - HHH90000025: MySQL8Dialect does not need to be specified explicitly using 'hibernate.dialect' (remove the property setting and it will be selected by default)
2025-03-04 01:10:30 [main] WARN  org.hibernate.orm.deprecation - HHH90000026: MySQL8Dialect has been deprecated; use org.hibernate.dialect.MySQLDialect instead
2025-03-04 01:10:34 [main] INFO  o.h.e.t.j.p.i.JtaPlatformInitiator - HHH000489: No JTA platform available (set 'hibernate.transaction.jta.platform' to enable JTA platform integration)
2025-03-04 01:10:35 [main] INFO  o.s.o.j.LocalContainerEntityManagerFactoryBean - Initialized JPA EntityManagerFactory for persistence unit 'default'
2025-03-04 01:10:37 [main] DEBUG org.hibernate.SQL - select a1_0.id,a1_0.id_anamnese,a1_0.data_hora_fim,a1_0.data_hora_inicio,a1_0.id_funcionario,a1_0.id_paciente,a1_0.prontuario_id,a1_0.tipo_atendimento from atendimentos a1_0
2025-03-04 01:10:37 [AWT-EventQueue-0] INFO  b.c.i.c.view.GestaoCampanhaVacina - 🔄 Atualizando a tabela...
2025-03-04 01:10:37 [AWT-EventQueue-0] ERROR b.c.i.c.view.GestaoCampanhaVacina - ❌ ERRO: cursoController nao foi injetado corretamente!
2025-03-04 01:10:39 [main] DEBUG org.hibernate.SQL - select f1_0.id,f1_0.administrativo_id,f1_0.campanha_de_vacina_id,f1_0.cargo,f1_0.cpf,f1_0.data_nascimento,f1_0.email,f1_0.endereço,f1_0.enfermeiro_id,f1_0.medico_id,f1_0.nome,f1_0.salario,f1_0.telefone from funcionarios f1_0
2025-03-04 01:10:39 [main] DEBUG org.hibernate.SQL - select f1_0.id,f1_0.administrativo_id,f1_0.campanha_de_vacina_id,f1_0.cargo,f1_0.cpf,f1_0.data_nascimento,f1_0.email,f1_0.endereço,f1_0.enfermeiro_id,f1_0.medico_id,f1_0.nome,f1_0.salario,f1_0.telefone from funcionarios f1_0
2025-03-04 01:10:40 [main] DEBUG org.hibernate.SQL - select u1_0.id,u1_0.email,u1_0.nome,u1_0.perfil_usuario,u1_0.senha from usuarios u1_0
2025-03-04 01:10:40 [main] DEBUG org.hibernate.SQL - select v1_0.id,v1_0.agentes_de_visita_id,v1_0.responsaveis_conferir,v1_0.data_visita,v1_0.descricao,v1_0.responsaveis_digitacao,v1_0.fichas_visita_id,v1_0.motivo_visita,v1_0.numero_ficha,v1_0.responsavel_registro from visitas v1_0
2025-03-04 01:10:40 [main] INFO  br.com.ifba.Prg03sgsApplication - Started Prg03sgsApplication in 17.628 seconds (process running for 19.979)
2025-03-04 01:11:05 [SpringApplicationShutdownHook] INFO  o.s.o.j.LocalContainerEntityManagerFactoryBean - Closing JPA EntityManagerFactory for persistence unit 'default'
2025-03-04 01:11:05 [SpringApplicationShutdownHook] INFO  com.zaxxer.hikari.HikariDataSource - HikariPool-1 - Shutdown initiated...
2025-03-04 01:11:05 [SpringApplicationShutdownHook] INFO  com.zaxxer.hikari.HikariDataSource - HikariPool-1 - Shutdown completed.
